<?xml version="1.0" encoding="UTF-8"?>
<!-- Generated by org.testng.reporters.JUnitXMLReporter -->
<testsuite ignored="0" hostname="TCCTL-013" failures="2" tests="2" name="Test" time="13.379" errors="0" timestamp="2023-04-25T12:29:09 IST">
  <testcase classname="org.MegamartTest.AdminPortalTest" name="loginTest" time="0.36">
    <failure type="java.lang.ExceptionInInitializerError">
      <![CDATA[java.lang.ExceptionInInitializerError
at org.MegamartTest.AdminPortalTest.loginTest(AdminPortalTest.java:39)
at java.base/java.util.ArrayList.forEach(ArrayList.java:1511)
Caused by: org.openqa.selenium.InvalidSelectorException: Compound class names not permitted
For documentation on this error, please visit: https://selenium.dev/exceptions/#invalid_selector_exception
Build info: version: '4.8.3', revision: 'e5e76298c3'
System info: os.name: 'Windows 10', os.arch: 'amd64', os.version: '10.0', java.version: '17.0.6'
Driver info: driver.version: unknown
at org.openqa.selenium.By$ByClassName.<init>(By.java:310)
at org.openqa.selenium.By.className(By.java:100)
at org.adminPortalPage.AdminPortalPage.<clinit>(AdminPortalPage.java:93)
... 29 more
... Removed 27 stack frames]]>
    </failure>
  </testcase> <!-- loginTest -->
  <testcase classname="org.MegamartTest.AdminPortalTest" name="verifyDashboardOrders" time="0.006">
    <failure type="java.lang.NoClassDefFoundError" message="Could not initialize class org.adminPortalPage.AdminPortalPage">
      <![CDATA[java.lang.NoClassDefFoundError: Could not initialize class org.adminPortalPage.AdminPortalPage
at org.MegamartTest.AdminPortalTest.verifyDashboardOrders(AdminPortalTest.java:69)
at java.base/java.util.ArrayList.forEach(ArrayList.java:1511)
... Removed 27 stack frames]]>
    </failure>
  </testcase> <!-- verifyDashboardOrders -->
</testsuite> <!-- Test -->
